<?xml version="1.0" encoding="UTF-8"?>
<!-- Generated by org.testng.reporters.JUnitReportReporter -->
<testsuite hostname="DESKTOP-7KP2STH" name="org.zia.training.selenium.keyword.TestAutomation2" tests="1" failures="1" timestamp="27 Dec 2018 08:30:22 GMT" time="0.125" errors="0">
  <testcase name="testLogin" time="0.125" classname="org.zia.training.selenium.keyword.TestAutomation2">
    <failure type="java.lang.Error" message="Unresolved compilation problems: 
	Driver cannot be resolved to a type
	Driver cannot be resolved to a type
	ExcelSheetDriver cannot be resolved to a type
	ExcelSheetDriver cannot be resolved to a type
	ExcelSheetDriver cannot be resolved to a type
	ExcelSheetDriver cannot be resolved to a type
	ExcelSheetDriver cannot be resolved to a type
	ExcelSheetDriver cannot be resolved to a type
	CommonFunctionsLib cannot be resolved to a type
	CommonFunctionsLib cannot be resolved to a type
">
      <![CDATA[java.lang.Error: Unresolved compilation problems: 
	Driver cannot be resolved to a type
	Driver cannot be resolved to a type
	ExcelSheetDriver cannot be resolved to a type
	ExcelSheetDriver cannot be resolved to a type
	ExcelSheetDriver cannot be resolved to a type
	ExcelSheetDriver cannot be resolved to a type
	ExcelSheetDriver cannot be resolved to a type
	ExcelSheetDriver cannot be resolved to a type
	CommonFunctionsLib cannot be resolved to a type
	CommonFunctionsLib cannot be resolved to a type

	at org.zia.training.selenium.keyword.TestAutomation2.testLogin(TestAutomation2.java:23)
	at sun.reflect.NativeMethodAccessorImpl.invoke0(Native Method)
	at sun.reflect.NativeMethodAccessorImpl.invoke(NativeMethodAccessorImpl.java:62)
	at sun.reflect.DelegatingMethodAccessorImpl.invoke(DelegatingMethodAccessorImpl.java:43)
	at java.lang.reflect.Method.invoke(Method.java:497)
	at org.testng.internal.MethodInvocationHelper.invokeMethod(MethodInvocationHelper.java:80)
	at org.testng.internal.Invoker.invokeMethod(Invoker.java:714)
	at org.testng.internal.Invoker.invokeTestMethod(Invoker.java:901)
	at org.testng.internal.Invoker.invokeTestMethods(Invoker.java:1231)
	at org.testng.internal.TestMethodWorker.invokeTestMethods(TestMethodWorker.java:127)
	at org.testng.internal.TestMethodWorker.run(TestMethodWorker.java:111)
	at org.testng.TestRunner.privateRun(TestRunner.java:767)
	at org.testng.TestRunner.run(TestRunner.java:617)
	at org.testng.SuiteRunner.runTest(SuiteRunner.java:334)
	at org.testng.SuiteRunner.runSequentially(SuiteRunner.java:329)
	at org.testng.SuiteRunner.privateRun(SuiteRunner.java:291)
	at org.testng.SuiteRunner.run(SuiteRunner.java:240)
	at org.testng.SuiteRunnerWorker.runSuite(SuiteRunnerWorker.java:52)
	at org.testng.SuiteRunnerWorker.run(SuiteRunnerWorker.java:86)
	at org.testng.TestNG.runSuitesSequentially(TestNG.java:1198)
	at org.testng.TestNG.runSuitesLocally(TestNG.java:1123)
	at org.testng.TestNG.run(TestNG.java:1031)
	at org.testng.remote.AbstractRemoteTestNG.run(AbstractRemoteTestNG.java:114)
	at org.testng.remote.RemoteTestNG.initAndRun(RemoteTestNG.java:251)
	at org.testng.remote.RemoteTestNG.main(RemoteTestNG.java:77)
]]>
    </failure>
  </testcase> <!-- testLogin -->
</testsuite> <!-- org.zia.training.selenium.keyword.TestAutomation2 -->
