<?xml version="1.0" encoding="UTF-8"?>
<!-- Generated by org.testng.reporters.JUnitReportReporter -->
<testsuite hostname="DESKTOP-7KP2STH" name="com.auto.TestAutomation" tests="1" failures="0" timestamp="26 Dec 2018 10:11:24 GMT" time="21.857" errors="0">
  <testcase name="testLogin" time="21.857" classname="com.auto.TestAutomation"/>
</testsuite> <!-- com.auto.TestAutomation -->
