<?xml version="1.0" encoding="UTF-8"?>
<!-- Generated by org.testng.reporters.JUnitReportReporter -->
<testsuite hostname="DESKTOP-PA6P7PN" name="org.zia.training.selenium.keyword.TestAutomation" tests="1" failures="0" timestamp="5 Jan 2019 15:58:28 GMT" time="104.345" errors="0">
  <testcase name="testLogin" time="104.345" classname="org.zia.training.selenium.keyword.TestAutomation"/>
</testsuite> <!-- org.zia.training.selenium.keyword.TestAutomation -->
